<?xml version="1.0" encoding="UTF-8"?>
<testng-results ignored="0" total="1" passed="1" failed="0" skipped="0">
  <reporter-output>
  </reporter-output>
  <suite started-at="2022-08-23T11:11:53 IST" name="Command line suite" finished-at="2022-08-23T11:11:58 IST" duration-ms="4854">
    <groups>
    </groups>
    <test started-at="2022-08-23T11:11:53 IST" name="Command line test" finished-at="2022-08-23T11:11:58 IST" duration-ms="4854">
      <class name="com.Automation.Test.LoginTest">
        <test-method is-config="true" signature="Precondition()[pri:0, instance:com.Automation.Test.LoginTest@618b19ad]" started-at="2022-08-23T11:11:53 IST" name="Precondition" finished-at="2022-08-23T11:11:54 IST" duration-ms="1218" status="PASS">
          <reporter-output>
          </reporter-output>
        </test-method> <!-- Precondition -->
        <test-method signature="verify_login()[pri:0, instance:com.Automation.Test.LoginTest@618b19ad]" started-at="2022-08-23T11:11:54 IST" name="verify_login" finished-at="2022-08-23T11:11:58 IST" duration-ms="3610" status="PASS">
          <reporter-output>
          </reporter-output>
        </test-method> <!-- verify_login -->
      </class> <!-- com.Automation.Test.LoginTest -->
    </test> <!-- Command line test -->
  </suite> <!-- Command line suite -->
</testng-results>
