<?xml version="1.0" encoding="UTF-8"?>
<testng-results ignored="0" total="1" passed="1" failed="0" skipped="0">
  <reporter-output>
  </reporter-output>
  <suite started-at="2022-08-22T21:28:25 IST" name="Default suite" finished-at="2022-08-22T21:28:31 IST" duration-ms="6679">
    <groups>
    </groups>
    <test started-at="2022-08-22T21:28:25 IST" name="Default test" finished-at="2022-08-22T21:28:31 IST" duration-ms="6679">
      <class name="com.Automation.Test.LoginTest">
        <test-method is-config="true" signature="Precondition()[pri:0, instance:com.Automation.Test.LoginTest@4e7912d8]" started-at="2022-08-22T21:28:25 IST" name="Precondition" finished-at="2022-08-22T21:28:27 IST" duration-ms="2306" status="PASS">
          <reporter-output>
          </reporter-output>
        </test-method> <!-- Precondition -->
        <test-method signature="verify_login()[pri:0, instance:com.Automation.Test.LoginTest@4e7912d8]" started-at="2022-08-22T21:28:27 IST" name="verify_login" finished-at="2022-08-22T21:28:31 IST" duration-ms="4310" status="PASS">
          <reporter-output>
          </reporter-output>
        </test-method> <!-- verify_login -->
      </class> <!-- com.Automation.Test.LoginTest -->
    </test> <!-- Default test -->
  </suite> <!-- Default suite -->
</testng-results>
